[LoggerStatus.SUCCESS] | [+] Starting assembly. Options (False, False, False, False, False) | Sat Jul 13 10:19:39 2024
[LoggerStatus.SUCCESS] | [+] Starting assembly. Options (True, True, True, True, False) | Sat Jul 13 10:20:31 2024
[LoggerStatus.SUCCESS] | [+] Create default directories | Sat Jul 13 10:20:31 2024
[LoggerStatus.SUCCESS] | [+] Copy Dotfiles & GTK | Sat Jul 13 10:20:31 2024
[LoggerStatus.SUCCESS] | [+] Updates Enabled | Sat Jul 13 10:20:32 2024
[LoggerStatus.SUCCESS] | [+] Installed BSPWM Dependencies | Sat Jul 13 10:20:34 2024
[LoggerStatus.SUCCESS] | Installed: tumbler | Sat Jul 13 10:21:03 2024
[LoggerStatus.SUCCESS] | Installed: ffmpegthumbnailer | Sat Jul 13 10:21:20 2024
[LoggerStatus.SUCCESS] | Installed: lsd | Sat Jul 13 10:21:21 2024
[LoggerStatus.SUCCESS] | Installed: alacritty | Sat Jul 13 10:21:22 2024
[LoggerStatus.SUCCESS] | Installed: bat | Sat Jul 13 10:21:24 2024
[LoggerStatus.SUCCESS] | Installed: brightnessctl | Sat Jul 13 10:21:25 2024
[LoggerStatus.SUCCESS] | Installed: calc | Sat Jul 13 10:21:26 2024
[LoggerStatus.SUCCESS] | Installed: automake | Sat Jul 13 10:21:26 2024
[LoggerStatus.SUCCESS] | Installed: blueman | Sat Jul 13 10:21:33 2024
[LoggerStatus.SUCCESS] | Installed: bluez | Sat Jul 13 10:21:34 2024
[LoggerStatus.SUCCESS] | Installed: bluez-utils | Sat Jul 13 10:21:35 2024
[LoggerStatus.SUCCESS] | Installed: dunst | Sat Jul 13 10:21:36 2024
[LoggerStatus.SUCCESS] | Installed: fakeroot | Sat Jul 13 10:21:36 2024
[LoggerStatus.SUCCESS] | Installed: feh | Sat Jul 13 10:21:37 2024
[LoggerStatus.SUCCESS] | Installed: firefox | Sat Jul 13 10:21:44 2024
[LoggerStatus.SUCCESS] | Installed: fish | Sat Jul 13 10:21:45 2024
[LoggerStatus.SUCCESS] | Installed: dpkg | Sat Jul 13 10:21:46 2024
[LoggerStatus.SUCCESS] | Installed: gcc | Sat Jul 13 10:21:47 2024
[LoggerStatus.SUCCESS] | Installed: gedit | Sat Jul 13 10:21:50 2024
[LoggerStatus.SUCCESS] | Installed: git | Sat Jul 13 10:21:50 2024
[LoggerStatus.SUCCESS] | Installed: gnu-netcat | Sat Jul 13 10:21:51 2024
[LoggerStatus.SUCCESS] | Installed: htop | Sat Jul 13 10:21:52 2024
[LoggerStatus.SUCCESS] | Installed: btop | Sat Jul 13 10:21:53 2024
[LoggerStatus.SUCCESS] | Installed: nano | Sat Jul 13 10:21:54 2024
[LoggerStatus.SUCCESS] | Installed: lxappearance | Sat Jul 13 10:21:55 2024
[LoggerStatus.SUCCESS] | Installed: mat2 | Sat Jul 13 10:21:57 2024
[LoggerStatus.SUCCESS] | Installed: mpd | Sat Jul 13 10:22:03 2024
[LoggerStatus.SUCCESS] | Installed: mpv | Sat Jul 13 10:22:05 2024
[LoggerStatus.SUCCESS] | Installed: thunar | Sat Jul 13 10:22:07 2024
[LoggerStatus.SUCCESS] | Installed: ncmpcpp | Sat Jul 13 10:22:09 2024
[LoggerStatus.SUCCESS] | Installed: neofetch | Sat Jul 13 10:22:10 2024
[LoggerStatus.SUCCESS] | Installed: network-manager-applet | Sat Jul 13 10:22:12 2024
[LoggerStatus.SUCCESS] | Installed: nitrogen | Sat Jul 13 10:22:15 2024
[LoggerStatus.SUCCESS] | Installed: pamixer | Sat Jul 13 10:22:15 2024
[LoggerStatus.SUCCESS] | Installed: papirus-icon-theme | Sat Jul 13 10:22:24 2024
[LoggerStatus.SUCCESS] | Installed: pavucontrol | Sat Jul 13 10:22:28 2024
[LoggerStatus.SUCCESS] | Installed: polybar | Sat Jul 13 10:22:30 2024
[LoggerStatus.SUCCESS] | Installed: autoconf | Sat Jul 13 10:22:30 2024
[LoggerStatus.SUCCESS] | Installed: mpc | Sat Jul 13 10:22:31 2024
[LoggerStatus.SUCCESS] | Installed: pulseaudio | Sat Jul 13 10:22:33 2024
[LoggerStatus.SUCCESS] | Installed: pulseaudio-alsa | Sat Jul 13 10:22:34 2024
[LoggerStatus.SUCCESS] | Installed: python-pyalsa | Sat Jul 13 10:22:35 2024
[LoggerStatus.SUCCESS] | Installed: ranger | Sat Jul 13 10:22:36 2024
[LoggerStatus.SUCCESS] | Installed: redshift | Sat Jul 13 10:22:37 2024
[LoggerStatus.SUCCESS] | Installed: reflector | Sat Jul 13 10:22:38 2024
[LoggerStatus.SUCCESS] | Installed: rofi | Sat Jul 13 10:22:39 2024
[LoggerStatus.SUCCESS] | Installed: rofi-calc | Sat Jul 13 10:22:40 2024
[LoggerStatus.SUCCESS] | Installed: calcurse | Sat Jul 13 10:22:41 2024
[LoggerStatus.SUCCESS] | Installed: rofi-emoji | Sat Jul 13 10:22:42 2024
[LoggerStatus.SUCCESS] | Installed: scrot | Sat Jul 13 10:22:43 2024
[LoggerStatus.SUCCESS] | Installed: sudo | Sat Jul 13 10:22:43 2024
[LoggerStatus.SUCCESS] | Installed: slop | Sat Jul 13 10:22:44 2024
[LoggerStatus.SUCCESS] | Installed: tree | Sat Jul 13 10:22:45 2024
[LoggerStatus.SUCCESS] | Installed: unrar | Sat Jul 13 10:22:46 2024
[LoggerStatus.SUCCESS] | Installed: zip | Sat Jul 13 10:22:47 2024
[LoggerStatus.SUCCESS] | Installed: unzip | Sat Jul 13 10:22:47 2024
[LoggerStatus.SUCCESS] | Installed: uthash | Sat Jul 13 10:22:48 2024
[LoggerStatus.SUCCESS] | Installed: xarchiver | Sat Jul 13 10:22:49 2024
[LoggerStatus.SUCCESS] | Installed: xfce4-power-manager | Sat Jul 13 10:22:52 2024
[LoggerStatus.SUCCESS] | Installed: xfce4-settings | Sat Jul 13 10:22:55 2024
[LoggerStatus.SUCCESS] | Installed: xorg-xbacklight | Sat Jul 13 10:22:56 2024
[LoggerStatus.SUCCESS] | Installed: zathura | Sat Jul 13 10:22:57 2024
[LoggerStatus.SUCCESS] | Installed: zathura-djvu | Sat Jul 13 10:22:58 2024
[LoggerStatus.SUCCESS] | Installed: zathura-pdf-mupdf | Sat Jul 13 10:23:03 2024
[LoggerStatus.SUCCESS] | Installed: cmake | Sat Jul 13 10:23:05 2024
[LoggerStatus.SUCCESS] | Installed: clang | Sat Jul 13 10:23:09 2024
[LoggerStatus.SUCCESS] | Installed: gzip | Sat Jul 13 10:23:09 2024
[LoggerStatus.SUCCESS] | Installed: imagemagick | Sat Jul 13 10:23:11 2024
[LoggerStatus.SUCCESS] | Installed: make | Sat Jul 13 10:23:11 2024
[LoggerStatus.SUCCESS] | Installed: openssh | Sat Jul 13 10:23:12 2024
[LoggerStatus.SUCCESS] | Installed: pulseaudio-bluetooth | Sat Jul 13 10:23:12 2024
[LoggerStatus.SUCCESS] | Installed: shellcheck | Sat Jul 13 10:23:23 2024
[LoggerStatus.SUCCESS] | Installed: vlc | Sat Jul 13 10:23:30 2024
[LoggerStatus.SUCCESS] | Installed: usbutils | Sat Jul 13 10:23:30 2024
[LoggerStatus.SUCCESS] | Installed: picom | Sat Jul 13 10:23:32 2024
[LoggerStatus.SUCCESS] | Installed: networkmanager-openvpn | Sat Jul 13 10:23:33 2024
[LoggerStatus.SUCCESS] | Installed: alsa-plugins | Sat Jul 13 10:23:34 2024
[LoggerStatus.SUCCESS] | Installed: alsa-tools | Sat Jul 13 10:23:35 2024
[LoggerStatus.SUCCESS] | Installed: alsa-utils | Sat Jul 13 10:23:36 2024
[LoggerStatus.SUCCESS] | Installed: ffmpeg | Sat Jul 13 10:23:37 2024
[LoggerStatus.SUCCESS] | Installed: p7zip | Sat Jul 13 10:23:38 2024
[LoggerStatus.SUCCESS] | Installed: gparted | Sat Jul 13 10:23:39 2024
[LoggerStatus.SUCCESS] | Installed: sshfs | Sat Jul 13 10:23:41 2024
[LoggerStatus.SUCCESS] | Installed: openvpn | Sat Jul 13 10:23:41 2024
[LoggerStatus.SUCCESS] | Installed: xclip | Sat Jul 13 10:23:42 2024
[LoggerStatus.SUCCESS] | Installed: gpick | Sat Jul 13 10:23:43 2024
[LoggerStatus.SUCCESS] | Installed: wget | Sat Jul 13 10:23:44 2024
[LoggerStatus.SUCCESS] | Installed: ueberzug | Sat Jul 13 10:23:46 2024
[LoggerStatus.SUCCESS] | Installed: netctl | Sat Jul 13 10:23:47 2024
[LoggerStatus.SUCCESS] | Installed: light | Sat Jul 13 10:23:47 2024
[LoggerStatus.SUCCESS] | Installed: libreoffice | Sat Jul 13 10:24:10 2024
[LoggerStatus.SUCCESS] | Installed: breeze | Sat Jul 13 10:24:31 2024
[LoggerStatus.SUCCESS] | Installed: vulkan-intel | Sat Jul 13 10:24:32 2024
[LoggerStatus.SUCCESS] | Installed: intel-ucode | Sat Jul 13 10:24:52 2024
[LoggerStatus.SUCCESS] | Installed: ttf-jetbrains-mono | Sat Jul 13 10:24:53 2024
[LoggerStatus.SUCCESS] | Installed: ttf-jetbrains-mono-nerd | Sat Jul 13 10:24:55 2024
[LoggerStatus.SUCCESS] | Installed: ttf-fira-code | Sat Jul 13 10:24:56 2024
[LoggerStatus.SUCCESS] | Installed: ttf-iosevka-nerd | Sat Jul 13 10:25:04 2024
[LoggerStatus.SUCCESS] | Installed: cava | Sat Jul 13 10:25:16 2024
[LoggerStatus.SUCCESS] | Installed: i3lock-color | Sat Jul 13 10:25:31 2024
[LoggerStatus.SUCCESS] | Installed: ptpython | Sat Jul 13 10:25:43 2024
[LoggerStatus.SUCCESS] | Installed: yandex-browser | Sat Jul 13 10:26:56 2024
[LoggerStatus.SUCCESS] | [+] Firefox styles installed | Sat Jul 13 10:27:06 2024
[LoggerStatus.SUCCESS] | [+] Installed Dev Dependencies | Sat Jul 13 10:27:06 2024
[LoggerStatus.SUCCESS] | Installed: cheese | Sat Jul 13 10:27:15 2024
[LoggerStatus.SUCCESS] | Installed: timeshift | Sat Jul 13 10:27:18 2024
[LoggerStatus.SUCCESS] | Installed: pinta | Sat Jul 13 10:27:21 2024
[LoggerStatus.SUCCESS] | Installed: wireshark-qt | Sat Jul 13 10:27:24 2024
[LoggerStatus.SUCCESS] | Installed: ghex | Sat Jul 13 10:27:26 2024
[LoggerStatus.SUCCESS] | Installed: gufw | Sat Jul 13 10:27:31 2024
[LoggerStatus.SUCCESS] | Installed: python-pywal | Sat Jul 13 10:27:32 2024
[LoggerStatus.SUCCESS] | Installed: bleachbit | Sat Jul 13 10:27:33 2024
[LoggerStatus.SUCCESS] | Installed: gnome-firmware | Sat Jul 13 10:27:37 2024
[LoggerStatus.SUCCESS] | Installed: dconf-editor | Sat Jul 13 10:27:38 2024
[LoggerStatus.SUCCESS] | Installed: neovim | Sat Jul 13 10:27:42 2024
[LoggerStatus.SUCCESS] | Installed: telegram-desktop | Sat Jul 13 10:27:46 2024
[LoggerStatus.SUCCESS] | Installed: tmux | Sat Jul 13 10:27:47 2024
[LoggerStatus.SUCCESS] | Installed: deluge-gtk | Sat Jul 13 10:27:54 2024
[LoggerStatus.SUCCESS] | Installed: flameshot | Sat Jul 13 10:27:56 2024
[LoggerStatus.SUCCESS] | Installed: obsidian | Sat Jul 13 10:28:03 2024
[LoggerStatus.SUCCESS] | Installed: python-pip | Sat Jul 13 10:28:04 2024
[LoggerStatus.SUCCESS] | Installed: bpython | Sat Jul 13 10:28:07 2024
[LoggerStatus.SUCCESS] | Installed: ipython | Sat Jul 13 10:28:10 2024
[LoggerStatus.SUCCESS] | Installed: cloc | Sat Jul 13 10:28:13 2024
[LoggerStatus.SUCCESS] | Installed: discord | Sat Jul 13 10:28:20 2024
[LoggerStatus.SUCCESS] | Installed: evince | Sat Jul 13 10:28:24 2024
[LoggerStatus.SUCCESS] | Installed: gnome-calculator | Sat Jul 13 10:28:25 2024
[LoggerStatus.SUCCESS] | Installed: gnome-disk-utility | Sat Jul 13 10:28:27 2024
[LoggerStatus.SUCCESS] | Installed: gucharmap | Sat Jul 13 10:28:28 2024
[LoggerStatus.SUCCESS] | Installed: gthumb | Sat Jul 13 10:28:30 2024
[LoggerStatus.SUCCESS] | Installed: gnome-clocks | Sat Jul 13 10:28:32 2024
